{"timestamp": "2025-06-15T08:00:00Z", "level": "debug", "service": "worker", "user": "david", "env": "production", "message": "Doch 1 has been opened"}
{"timestamp": "2025-06-15T08:00:30Z", "level": "debug", "service": "worker", "user": "charlie", "env": "production", "message": "Doch 1 has been opened"}
{"timestamp": "2025-06-15T08:01:00Z", "level": "error", "service": "worker", "user": "alice", "env": "production", "message": "IIS service rollout completed"}
{"timestamp": "2025-06-15T08:01:30Z", "level": "info", "service": "worker", "user": "david", "env": "production", "message": "IIS service rollout completed"}
{"timestamp": "2025-06-15T08:02:00Z", "level": "info", "service": "worker", "user": "eve", "env": "production", "message": "Dashboard opened at url /dashboard/service1"}
{"timestamp": "2025-06-15T08:02:30Z", "level": "debug", "service": "frontend", "user": "bob", "env": "production", "message": "IIS service rollout completed"}
{"timestamp": "2025-06-15T08:03:00Z", "level": "info", "service": "frontend", "user": "bob", "env": "production", "message": "Dashboard opened at url /dashboard/service1"}
{"timestamp": "2025-06-15T08:03:30Z", "level": "warn", "service": "frontend", "user": "bob", "env": "production", "message": "Doch 1 has been opened"}
{"timestamp": "2025-06-15T08:04:00Z", "level": "warn", "service": "worker", "user": "charlie", "env": "production", "message": "Dashboard opened at url /dashboard/service1"}
{"timestamp": "2025-06-15T08:04:30Z", "level": "error", "service": "frontend", "user": "david", "env": "production", "message": "IIS service rollout completed"}
{"timestamp": "2025-06-15T08:05:00Z", "level": "debug", "service": "frontend", "user": "bob", "env": "production", "message": "IIS service rollout completed"}
{"timestamp": "2025-06-15T08:05:30Z", "level": "error", "service": "backend", "user": "charlie", "env": "production", "message": "Dashboard opened at url /dashboard/service1"}
{"timestamp": "2025-06-15T08:06:00Z", "level": "info", "service": "worker", "user": "bob", "env": "production", "message": "Dashboard opened at url /dashboard/service1"}
{"timestamp": "2025-06-15T08:06:30Z", "level": "error", "service": "worker", "user": "bob", "env": "production", "message": "Doch 1 has been opened"}
{"timestamp": "2025-06-15T08:07:00Z", "level": "warn", "service": "backend", "user": "charlie", "env": "production", "message": "Dashboard opened at url /dashboard/service1"}
{"timestamp": "2025-06-15T08:07:30Z", "level": "info", "service": "worker", "user": "alice", "env": "production", "message": "Doch 1 has been opened"}
{"timestamp": "2025-06-15T08:08:00Z", "level": "info", "service": "auth", "user": "bob", "env": "production", "message": "Doch 1 has been opened"}
{"timestamp": "2025-06-15T08:08:30Z", "level": "debug", "service": "backend", "user": "david", "env": "production", "message": "Dashboard opened at url /dashboard/service1"}
{"timestamp": "2025-06-15T08:09:00Z", "level": "error", "service": "backend", "user": "eve", "env": "production", "message": "Dashboard opened at url /dashboard/service1"}
{"timestamp": "2025-06-15T08:09:30Z", "level": "info", "service": "backend", "user": "bob", "env": "production", "message": "IIS service rollout completed"}
{"timestamp": "2025-06-15T08:10:00Z", "level": "error", "service": "worker", "user": "alice", "env": "production", "message": "Dashboard opened at url /dashboard/service1"}
{"timestamp": "2025-06-15T08:10:30Z", "level": "debug", "service": "frontend", "user": "david", "env": "production", "message": "IIS service rollout completed"}
{"timestamp": "2025-06-15T08:11:00Z", "level": "error", "service": "auth", "user": "alice", "env": "production", "message": "Dashboard opened at url /dashboard/service1"}
{"timestamp": "2025-06-15T08:11:30Z", "level": "info", "service": "worker", "user": "alice", "env": "production", "message": "Doch 1 has been opened"}
{"timestamp": "2025-06-15T08:12:00Z", "level": "debug", "service": "backend", "user": "eve", "env": "production", "message": "Doch 1 has been opened"}
{"timestamp": "2025-06-15T08:12:30Z", "level": "warn", "service": "worker", "user": "bob", "env": "production", "message": "IIS service rollout completed"}
{"timestamp": "2025-06-15T08:13:00Z", "level": "debug", "service": "auth", "user": "charlie", "env": "production", "message": "Dashboard opened at url /dashboard/service1"}
{"timestamp": "2025-06-15T08:13:30Z", "level": "info", "service": "auth", "user": "alice", "env": "production", "message": "IIS service rollout completed"}
{"timestamp": "2025-06-15T08:14:00Z", "level": "warn", "service": "frontend", "user": "charlie", "env": "production", "message": "Doch 1 has been opened"}
{"timestamp": "2025-06-15T08:14:30Z", "level": "debug", "service": "worker", "user": "eve", "env": "production", "message": "Dashboard opened at url /dashboard/service1"}
{"timestamp": "2025-06-15T08:15:00Z", "level": "debug", "service": "frontend", "user": "alice", "env": "production", "message": "IIS service rollout completed"}
{"timestamp": "2025-06-15T08:15:30Z", "level": "error", "service": "auth", "user": "alice", "env": "production", "message": "Doch 1 has been opened"}
{"timestamp": "2025-06-15T08:16:00Z", "level": "info", "service": "frontend", "user": "david", "env": "production", "message": "Dashboard opened at url /dashboard/service1"}
{"timestamp": "2025-06-15T08:16:30Z", "level": "error", "service": "auth", "user": "eve", "env": "production", "message": "Dashboard opened at url /dashboard/service1"}
{"timestamp": "2025-06-15T08:17:00Z", "level": "info", "service": "frontend", "user": "eve", "env": "production", "message": "Dashboard opened at url /dashboard/service1"}
{"timestamp": "2025-06-15T08:17:30Z", "level": "info", "service": "backend", "user": "david", "env": "production", "message": "IIS service rollout completed"}
{"timestamp": "2025-06-15T08:18:00Z", "level": "info", "service": "auth", "user": "charlie", "env": "production", "message": "IIS service rollout completed"}
{"timestamp": "2025-06-15T08:18:30Z", "level": "error", "service": "backend", "user": "charlie", "env": "production", "message": "IIS service rollout completed"}
{"timestamp": "2025-06-15T08:19:00Z", "level": "info", "service": "auth", "user": "eve", "env": "production", "message": "Dashboard opened at url /dashboard/service1"}
{"timestamp": "2025-06-15T08:19:30Z", "level": "error", "service": "auth", "user": "charlie", "env": "production", "message": "Dashboard opened at url /dashboard/service1"}
{"timestamp": "2025-06-15T08:20:00Z", "level": "error", "service": "auth", "user": "charlie", "env": "production", "message": "IIS service rollout completed"}
{"timestamp": "2025-06-15T08:20:30Z", "level": "error", "service": "worker", "user": "charlie", "env": "production", "message": "Dashboard opened at url /dashboard/service1"}
{"timestamp": "2025-06-15T08:21:00Z", "level": "debug", "service": "worker", "user": "eve", "env": "production", "message": "IIS service rollout completed"}
{"timestamp": "2025-06-15T08:21:30Z", "level": "error", "service": "frontend", "user": "david", "env": "production", "message": "IIS service rollout completed"}
{"timestamp": "2025-06-15T08:22:00Z", "level": "info", "service": "frontend", "user": "bob", "env": "production", "message": "Doch 1 has been opened"}
{"timestamp": "2025-06-15T08:22:30Z", "level": "info", "service": "backend", "user": "david", "env": "production", "message": "Doch 1 has been opened"}
{"timestamp": "2025-06-15T08:23:00Z", "level": "warn", "service": "worker", "user": "david", "env": "production", "message": "Dashboard opened at url /dashboard/service1"}
{"timestamp": "2025-06-15T08:23:30Z", "level": "error", "service": "backend", "user": "alice", "env": "production", "message": "Doch 1 has been opened"}
{"timestamp": "2025-06-15T08:24:00Z", "level": "warn", "service": "frontend", "user": "david", "env": "production", "message": "IIS service rollout completed"}
{"timestamp": "2025-06-15T08:24:30Z", "level": "debug", "service": "backend", "user": "charlie", "env": "production", "message": "IIS service rollout completed"}
{"timestamp": "2025-06-15T08:25:00Z", "level": "debug", "service": "auth", "user": "eve", "env": "production", "message": "Dashboard opened at url /dashboard/service1"}
{"timestamp": "2025-06-15T08:25:30Z", "level": "debug", "service": "worker", "user": "david", "env": "production", "message": "Dashboard opened at url /dashboard/service1"}
{"timestamp": "2025-06-15T08:26:00Z", "level": "warn", "service": "backend", "user": "david", "env": "production", "message": "Dashboard opened at url /dashboard/service1"}
{"timestamp": "2025-06-15T08:26:30Z", "level": "debug", "service": "frontend", "user": "bob", "env": "production", "message": "Doch 1 has been opened"}
{"timestamp": "2025-06-15T08:27:00Z", "level": "error", "service": "worker", "user": "eve", "env": "production", "message": "Dashboard opened at url /dashboard/service1"}
{"timestamp": "2025-06-15T08:27:30Z", "level": "debug", "service": "auth", "user": "charlie", "env": "production", "message": "IIS service rollout completed"}
{"timestamp": "2025-06-15T08:28:00Z", "level": "error", "service": "frontend", "user": "eve", "env": "production", "message": "Doch 1 has been opened"}
{"timestamp": "2025-06-15T08:28:30Z", "level": "info", "service": "backend", "user": "david", "env": "production", "message": "Dashboard opened at url /dashboard/service1"}
{"timestamp": "2025-06-15T08:29:00Z", "level": "error", "service": "frontend", "user": "charlie", "env": "production", "message": "Doch 1 has been opened"}
{"timestamp": "2025-06-15T08:29:30Z", "level": "error", "service": "backend", "user": "alice", "env": "production", "message": "Dashboard opened at url /dashboard/service1"}
{"timestamp": "2025-06-15T08:30:00Z", "level": "debug", "service": "worker", "user": "alice", "env": "production", "message": "IIS service rollout completed"}
{"timestamp": "2025-06-15T08:30:30Z", "level": "error", "service": "backend", "user": "eve", "env": "production", "message": "Doch 1 has been opened"}
{"timestamp": "2025-06-15T08:31:00Z", "level": "error", "service": "backend", "user": "charlie", "env": "production", "message": "Doch 1 has been opened"}
{"timestamp": "2025-06-15T08:31:30Z", "level": "warn", "service": "backend", "user": "charlie", "env": "production", "message": "IIS service rollout completed"}
{"timestamp": "2025-06-15T08:32:00Z", "level": "error", "service": "frontend", "user": "alice", "env": "production", "message": "Doch 1 has been opened"}
{"timestamp": "2025-06-15T08:32:30Z", "level": "debug", "service": "worker", "user": "alice", "env": "production", "message": "IIS service rollout completed"}
{"timestamp": "2025-06-15T08:33:00Z", "level": "error", "service": "auth", "user": "alice", "env": "production", "message": "Doch 1 has been opened"}
{"timestamp": "2025-06-15T08:33:30Z", "level": "warn", "service": "backend", "user": "bob", "env": "production", "message": "IIS service rollout completed"}
{"timestamp": "2025-06-15T08:34:00Z", "level": "info", "service": "frontend", "user": "eve", "env": "production", "message": "Dashboard opened at url /dashboard/service1"}
{"timestamp": "2025-06-15T08:34:30Z", "level": "error", "service": "auth", "user": "eve", "env": "production", "message": "IIS service rollout completed"}
{"timestamp": "2025-06-15T08:35:00Z", "level": "error", "service": "backend", "user": "eve", "env": "production", "message": "Doch 1 has been opened"}
{"timestamp": "2025-06-15T08:35:30Z", "level": "warn", "service": "backend", "user": "alice", "env": "production", "message": "IIS service rollout completed"}
{"timestamp": "2025-06-15T08:36:00Z", "level": "error", "service": "auth", "user": "eve", "env": "production", "message": "IIS service rollout completed"}
{"timestamp": "2025-06-15T08:36:30Z", "level": "info", "service": "frontend", "user": "david", "env": "production", "message": "Dashboard opened at url /dashboard/service1"}
{"timestamp": "2025-06-15T08:37:00Z", "level": "warn", "service": "backend", "user": "alice", "env": "production", "message": "Doch 1 has been opened"}
{"timestamp": "2025-06-15T08:37:30Z", "level": "info", "service": "worker", "user": "bob", "env": "production", "message": "IIS service rollout completed"}
{"timestamp": "2025-06-15T08:38:00Z", "level": "warn", "service": "auth", "user": "alice", "env": "production", "message": "Doch 1 has been opened"}
{"timestamp": "2025-06-15T08:38:30Z", "level": "warn", "service": "auth", "user": "alice", "env": "production", "message": "IIS service rollout completed"}
{"timestamp": "2025-06-15T08:39:00Z", "level": "warn", "service": "worker", "user": "eve", "env": "production", "message": "Dashboard opened at url /dashboard/service1"}
{"timestamp": "2025-06-15T08:39:30Z", "level": "debug", "service": "auth", "user": "eve", "env": "production", "message": "Doch 1 has been opened"}
{"timestamp": "2025-06-15T08:40:00Z", "level": "debug", "service": "backend", "user": "david", "env": "production", "message": "Dashboard opened at url /dashboard/service1"}
{"timestamp": "2025-06-15T08:40:30Z", "level": "debug", "service": "worker", "user": "eve", "env": "production", "message": "IIS service rollout completed"}
{"timestamp": "2025-06-15T08:41:00Z", "level": "debug", "service": "backend", "user": "david", "env": "production", "message": "Doch 1 has been opened"}
{"timestamp": "2025-06-15T08:41:30Z", "level": "error", "service": "auth", "user": "alice", "env": "production", "message": "Doch 1 has been opened"}
{"timestamp": "2025-06-15T08:42:00Z", "level": "warn", "service": "backend", "user": "alice", "env": "production", "message": "Doch 1 has been opened"}
{"timestamp": "2025-06-15T08:42:30Z", "level": "debug", "service": "worker", "user": "charlie", "env": "production", "message": "Dashboard opened at url /dashboard/service1"}
{"timestamp": "2025-06-15T08:43:00Z", "level": "warn", "service": "auth", "user": "bob", "env": "production", "message": "Doch 1 has been opened"}
{"timestamp": "2025-06-15T08:43:30Z", "level": "error", "service": "worker", "user": "alice", "env": "production", "message": "Doch 1 has been opened"}
{"timestamp": "2025-06-15T08:44:00Z", "level": "error", "service": "frontend", "user": "eve", "env": "production", "message": "IIS service rollout completed"}
{"timestamp": "2025-06-15T08:44:30Z", "level": "info", "service": "auth", "user": "bob", "env": "production", "message": "Dashboard opened at url /dashboard/service1"}
{"timestamp": "2025-06-15T08:45:00Z", "level": "error", "service": "backend", "user": "charlie", "env": "production", "message": "Doch 1 has been opened"}
{"timestamp": "2025-06-15T08:45:30Z", "level": "error", "service": "frontend", "user": "david", "env": "production", "message": "IIS service rollout completed"}
{"timestamp": "2025-06-15T08:46:00Z", "level": "info", "service": "backend", "user": "alice", "env": "production", "message": "IIS service rollout completed"}
{"timestamp": "2025-06-15T08:46:30Z", "level": "info", "service": "worker", "user": "alice", "env": "production", "message": "IIS service rollout completed"}
{"timestamp": "2025-06-15T08:47:00Z", "level": "info", "service": "worker", "user": "eve", "env": "production", "message": "Doch 1 has been opened"}
{"timestamp": "2025-06-15T08:47:30Z", "level": "debug", "service": "worker", "user": "eve", "env": "production", "message": "Dashboard opened at url /dashboard/service1"}
{"timestamp": "2025-06-15T08:48:00Z", "level": "error", "service": "backend", "user": "charlie", "env": "production", "message": "Dashboard opened at url /dashboard/service1"}
{"timestamp": "2025-06-15T08:48:30Z", "level": "error", "service": "backend", "user": "eve", "env": "production", "message": "Doch 1 has been opened"}
{"timestamp": "2025-06-15T08:49:00Z", "level": "warn", "service": "auth", "user": "bob", "env": "production", "message": "Dashboard opened at url /dashboard/service1"}
{"timestamp": "2025-06-15T08:49:30Z", "level": "error", "service": "worker", "user": "alice", "env": "production", "message": "IIS service rollout completed"}
{"timestamp": "2025-06-15T08:50:00Z", "level": "warn", "service": "backend", "user": "charlie", "env": "production", "message": "Doch 1 has been opened"}
{"timestamp": "2025-06-15T08:50:30Z", "level": "error", "service": "worker", "user": "alice", "env": "production", "message": "Doch 1 has been opened"}
{"timestamp": "2025-06-15T08:51:00Z", "level": "warn", "service": "worker", "user": "charlie", "env": "production", "message": "IIS service rollout completed"}
{"timestamp": "2025-06-15T08:51:30Z", "level": "debug", "service": "frontend", "user": "david", "env": "production", "message": "Doch 1 has been opened"}
{"timestamp": "2025-06-15T08:52:00Z", "level": "info", "service": "auth", "user": "bob", "env": "production", "message": "Doch 1 has been opened"}
{"timestamp": "2025-06-15T08:52:30Z", "level": "info", "service": "auth", "user": "bob", "env": "production", "message": "Dashboard opened at url /dashboard/service1"}
{"timestamp": "2025-06-15T08:53:00Z", "level": "debug", "service": "auth", "user": "alice", "env": "production", "message": "Doch 1 has been opened"}
{"timestamp": "2025-06-15T08:53:30Z", "level": "warn", "service": "backend", "user": "alice", "env": "production", "message": "Dashboard opened at url /dashboard/service1"}
{"timestamp": "2025-06-15T08:54:00Z", "level": "error", "service": "worker", "user": "bob", "env": "production", "message": "IIS service rollout completed"}
{"timestamp": "2025-06-15T08:54:30Z", "level": "warn", "service": "auth", "user": "bob", "env": "production", "message": "IIS service rollout completed"}
{"timestamp": "2025-06-15T08:55:00Z", "level": "debug", "service": "backend", "user": "charlie", "env": "production", "message": "IIS service rollout completed"}
{"timestamp": "2025-06-15T08:55:30Z", "level": "info", "service": "frontend", "user": "alice", "env": "production", "message": "IIS service rollout completed"}
{"timestamp": "2025-06-15T08:56:00Z", "level": "info", "service": "backend", "user": "charlie", "env": "production", "message": "Dashboard opened at url /dashboard/service1"}
{"timestamp": "2025-06-15T08:56:30Z", "level": "debug", "service": "worker", "user": "david", "env": "production", "message": "Dashboard opened at url /dashboard/service1"}
{"timestamp": "2025-06-15T08:57:00Z", "level": "debug", "service": "auth", "user": "eve", "env": "production", "message": "IIS service rollout completed"}
{"timestamp": "2025-06-15T08:57:30Z", "level": "info", "service": "backend", "user": "charlie", "env": "production", "message": "Dashboard opened at url /dashboard/service1"}
{"timestamp": "2025-06-15T08:58:00Z", "level": "info", "service": "worker", "user": "bob", "env": "production", "message": "Dashboard opened at url /dashboard/service1"}
{"timestamp": "2025-06-15T08:58:30Z", "level": "warn", "service": "auth", "user": "alice", "env": "production", "message": "Dashboard opened at url /dashboard/service1"}
{"timestamp": "2025-06-15T08:59:00Z", "level": "debug", "service": "frontend", "user": "david", "env": "production", "message": "Doch 1 has been opened"}
{"timestamp": "2025-06-15T08:59:30Z", "level": "info", "service": "auth", "user": "bob", "env": "production", "message": "Dashboard opened at url /dashboard/service1"}
{"timestamp": "2025-06-15T09:00:00Z", "level": "debug", "service": "frontend", "user": "bob", "env": "production", "message": "Doch 1 has been opened"}
{"timestamp": "2025-06-15T09:00:30Z", "level": "debug", "service": "backend", "user": "charlie", "env": "production", "message": "Dashboard opened at url /dashboard/service1"}
{"timestamp": "2025-06-15T09:01:00Z", "level": "info", "service": "frontend", "user": "bob", "env": "production", "message": "Dashboard opened at url /dashboard/service1"}
{"timestamp": "2025-06-15T09:01:30Z", "level": "debug", "service": "backend", "user": "david", "env": "production", "message": "Doch 1 has been opened"}
{"timestamp": "2025-06-15T09:02:00Z", "level": "error", "service": "worker", "user": "charlie", "env": "production", "message": "Doch 1 has been opened"}
{"timestamp": "2025-06-15T09:02:30Z", "level": "debug", "service": "auth", "user": "charlie", "env": "production", "message": "Doch 1 has been opened"}
{"timestamp": "2025-06-15T09:03:00Z", "level": "warn", "service": "worker", "user": "david", "env": "production", "message": "Dashboard opened at url /dashboard/service1"}
{"timestamp": "2025-06-15T09:03:30Z", "level": "debug", "service": "auth", "user": "eve", "env": "production", "message": "IIS service rollout completed"}
{"timestamp": "2025-06-15T09:04:00Z", "level": "debug", "service": "worker", "user": "charlie", "env": "production", "message": "Dashboard opened at url /dashboard/service1"}
{"timestamp": "2025-06-15T09:04:30Z", "level": "debug", "service": "frontend", "user": "alice", "env": "production", "message": "IIS service rollout completed"}
{"timestamp": "2025-06-15T09:05:00Z", "level": "error", "service": "backend", "user": "eve", "env": "production", "message": "Dashboard opened at url /dashboard/service1"}
{"timestamp": "2025-06-15T09:05:30Z", "level": "info", "service": "frontend", "user": "david", "env": "production", "message": "Doch 1 has been opened"}
{"timestamp": "2025-06-15T09:06:00Z", "level": "info", "service": "worker", "user": "eve", "env": "production", "message": "Dashboard opened at url /dashboard/service1"}
{"timestamp": "2025-06-15T09:06:30Z", "level": "warn", "service": "worker", "user": "charlie", "env": "production", "message": "IIS service rollout completed"}
{"timestamp": "2025-06-15T09:07:00Z", "level": "debug", "service": "worker", "user": "charlie", "env": "production", "message": "Dashboard opened at url /dashboard/service1"}
{"timestamp": "2025-06-15T09:07:30Z", "level": "debug", "service": "auth", "user": "alice", "env": "production", "message": "Dashboard opened at url /dashboard/service1"}
{"timestamp": "2025-06-15T09:08:00Z", "level": "debug", "service": "frontend", "user": "eve", "env": "production", "message": "Doch 1 has been opened"}
{"timestamp": "2025-06-15T09:08:30Z", "level": "warn", "service": "backend", "user": "charlie", "env": "production", "message": "Dashboard opened at url /dashboard/service1"}
{"timestamp": "2025-06-15T09:09:00Z", "level": "debug", "service": "worker", "user": "david", "env": "production", "message": "Dashboard opened at url /dashboard/service1"}
{"timestamp": "2025-06-15T09:09:30Z", "level": "error", "service": "auth", "user": "david", "env": "production", "message": "IIS service rollout completed"}
{"timestamp": "2025-06-15T09:10:00Z", "level": "info", "service": "worker", "user": "bob", "env": "production", "message": "IIS service rollout completed"}
{"timestamp": "2025-06-15T09:10:30Z", "level": "debug", "service": "worker", "user": "charlie", "env": "production", "message": "Doch 1 has been opened"}
{"timestamp": "2025-06-15T09:11:00Z", "level": "error", "service": "frontend", "user": "eve", "env": "production", "message": "IIS service rollout completed"}
{"timestamp": "2025-06-15T09:11:30Z", "level": "debug", "service": "frontend", "user": "charlie", "env": "production", "message": "Doch 1 has been opened"}
{"timestamp": "2025-06-15T09:12:00Z", "level": "info", "service": "frontend", "user": "eve", "env": "production", "message": "Dashboard opened at url /dashboard/service1"}
{"timestamp": "2025-06-15T09:12:30Z", "level": "info", "service": "backend", "user": "bob", "env": "production", "message": "IIS service rollout completed"}
{"timestamp": "2025-06-15T09:13:00Z", "level": "info", "service": "worker", "user": "bob", "env": "production", "message": "Doch 1 has been opened"}
{"timestamp": "2025-06-15T09:13:30Z", "level": "info", "service": "frontend", "user": "charlie", "env": "production", "message": "Doch 1 has been opened"}
{"timestamp": "2025-06-15T09:14:00Z", "level": "info", "service": "worker", "user": "alice", "env": "production", "message": "IIS service rollout completed"}
{"timestamp": "2025-06-15T09:14:30Z", "level": "debug", "service": "frontend", "user": "alice", "env": "production", "message": "IIS service rollout completed"}
{"timestamp": "2025-06-15T09:15:00Z", "level": "debug", "service": "auth", "user": "eve", "env": "production", "message": "IIS service rollout completed"}
{"timestamp": "2025-06-15T09:15:30Z", "level": "debug", "service": "backend", "user": "bob", "env": "production", "message": "Doch 1 has been opened"}
{"timestamp": "2025-06-15T09:16:00Z", "level": "warn", "service": "frontend", "user": "eve", "env": "production", "message": "IIS service rollout completed"}
{"timestamp": "2025-06-15T09:16:30Z", "level": "error", "service": "auth", "user": "charlie", "env": "production", "message": "Doch 1 has been opened"}
{"timestamp": "2025-06-15T09:17:00Z", "level": "error", "service": "backend", "user": "bob", "env": "production", "message": "IIS service rollout completed"}
{"timestamp": "2025-06-15T09:17:30Z", "level": "info", "service": "auth", "user": "eve", "env": "production", "message": "Doch 1 has been opened"}
{"timestamp": "2025-06-15T09:18:00Z", "level": "warn", "service": "worker", "user": "charlie", "env": "production", "message": "Dashboard opened at url /dashboard/service1"}
{"timestamp": "2025-06-15T09:18:30Z", "level": "warn", "service": "worker", "user": "alice", "env": "production", "message": "Doch 1 has been opened"}
{"timestamp": "2025-06-15T09:19:00Z", "level": "warn", "service": "backend", "user": "eve", "env": "production", "message": "Dashboard opened at url /dashboard/service1"}
{"timestamp": "2025-06-15T09:19:30Z", "level": "error", "service": "backend", "user": "charlie", "env": "production", "message": "Dashboard opened at url /dashboard/service1"}
{"timestamp": "2025-06-15T09:20:00Z", "level": "warn", "service": "frontend", "user": "david", "env": "production", "message": "Dashboard opened at url /dashboard/service1"}
{"timestamp": "2025-06-15T09:20:30Z", "level": "debug", "service": "frontend", "user": "david", "env": "production", "message": "IIS service rollout completed"}
{"timestamp": "2025-06-15T09:21:00Z", "level": "info", "service": "auth", "user": "charlie", "env": "production", "message": "IIS service rollout completed"}
{"timestamp": "2025-06-15T09:21:30Z", "level": "warn", "service": "worker", "user": "bob", "env": "production", "message": "Doch 1 has been opened"}
{"timestamp": "2025-06-15T09:22:00Z", "level": "info", "service": "worker", "user": "charlie", "env": "production", "message": "Dashboard opened at url /dashboard/service1"}
{"timestamp": "2025-06-15T09:22:30Z", "level": "error", "service": "auth", "user": "bob", "env": "production", "message": "Dashboard opened at url /dashboard/service1"}
{"timestamp": "2025-06-15T09:23:00Z", "level": "warn", "service": "backend", "user": "david", "env": "production", "message": "Dashboard opened at url /dashboard/service1"}
{"timestamp": "2025-06-15T09:23:30Z", "level": "debug", "service": "frontend", "user": "eve", "env": "production", "message": "Dashboard opened at url /dashboard/service1"}
{"timestamp": "2025-06-15T09:24:00Z", "level": "debug", "service": "worker", "user": "david", "env": "production", "message": "IIS service rollout completed"}
{"timestamp": "2025-06-15T09:24:30Z", "level": "debug", "service": "worker", "user": "bob", "env": "production", "message": "Doch 1 has been opened"}
{"timestamp": "2025-06-15T09:25:00Z", "level": "debug", "service": "worker", "user": "eve", "env": "production", "message": "IIS service rollout completed"}
{"timestamp": "2025-06-15T09:25:30Z", "level": "info", "service": "backend", "user": "charlie", "env": "production", "message": "Doch 1 has been opened"}
{"timestamp": "2025-06-15T09:26:00Z", "level": "info", "service": "auth", "user": "david", "env": "production", "message": "Dashboard opened at url /dashboard/service1"}
{"timestamp": "2025-06-15T09:26:30Z", "level": "warn", "service": "worker", "user": "alice", "env": "production", "message": "Doch 1 has been opened"}
{"timestamp": "2025-06-15T09:27:00Z", "level": "debug", "service": "frontend", "user": "alice", "env": "production", "message": "IIS service rollout completed"}
{"timestamp": "2025-06-15T09:27:30Z", "level": "warn", "service": "backend", "user": "david", "env": "production", "message": "Doch 1 has been opened"}
{"timestamp": "2025-06-15T09:28:00Z", "level": "debug", "service": "auth", "user": "bob", "env": "production", "message": "Doch 1 has been opened"}
{"timestamp": "2025-06-15T09:28:30Z", "level": "debug", "service": "worker", "user": "eve", "env": "production", "message": "IIS service rollout completed"}
{"timestamp": "2025-06-15T09:29:00Z", "level": "warn", "service": "backend", "user": "alice", "env": "production", "message": "Dashboard opened at url /dashboard/service1"}
{"timestamp": "2025-06-15T09:29:30Z", "level": "warn", "service": "worker", "user": "alice", "env": "production", "message": "Doch 1 has been opened"}
{"timestamp": "2025-06-15T09:30:00Z", "level": "info", "service": "frontend", "user": "charlie", "env": "production", "message": "IIS service rollout completed"}
{"timestamp": "2025-06-15T09:30:30Z", "level": "debug", "service": "backend", "user": "david", "env": "production", "message": "Dashboard opened at url /dashboard/service1"}
{"timestamp": "2025-06-15T09:31:00Z", "level": "info", "service": "backend", "user": "charlie", "env": "production", "message": "Dashboard opened at url /dashboard/service1"}
{"timestamp": "2025-06-15T09:31:30Z", "level": "warn", "service": "worker", "user": "bob", "env": "production", "message": "Dashboard opened at url /dashboard/service1"}
{"timestamp": "2025-06-15T09:32:00Z", "level": "warn", "service": "frontend", "user": "charlie", "env": "production", "message": "IIS service rollout completed"}
{"timestamp": "2025-06-15T09:32:30Z", "level": "info", "service": "worker", "user": "eve", "env": "production", "message": "IIS service rollout completed"}
{"timestamp": "2025-06-15T09:33:00Z", "level": "info", "service": "worker", "user": "eve", "env": "production", "message": "Doch 1 has been opened"}
{"timestamp": "2025-06-15T09:33:30Z", "level": "debug", "service": "auth", "user": "bob", "env": "production", "message": "Doch 1 has been opened"}
{"timestamp": "2025-06-15T09:34:00Z", "level": "error", "service": "frontend", "user": "eve", "env": "production", "message": "Dashboard opened at url /dashboard/service1"}
{"timestamp": "2025-06-15T09:34:30Z", "level": "info", "service": "worker", "user": "alice", "env": "production", "message": "IIS service rollout completed"}
{"timestamp": "2025-06-15T09:35:00Z", "level": "info", "service": "worker", "user": "alice", "env": "production", "message": "Dashboard opened at url /dashboard/service1"}
{"timestamp": "2025-06-15T09:35:30Z", "level": "warn", "service": "worker", "user": "charlie", "env": "production", "message": "IIS service rollout completed"}
{"timestamp": "2025-06-15T09:36:00Z", "level": "warn", "service": "backend", "user": "eve", "env": "production", "message": "Dashboard opened at url /dashboard/service1"}
{"timestamp": "2025-06-15T09:36:30Z", "level": "info", "service": "worker", "user": "charlie", "env": "production", "message": "Dashboard opened at url /dashboard/service1"}
{"timestamp": "2025-06-15T09:37:00Z", "level": "warn", "service": "auth", "user": "charlie", "env": "production", "message": "Doch 1 has been opened"}
{"timestamp": "2025-06-15T09:37:30Z", "level": "warn", "service": "auth", "user": "david", "env": "production", "message": "IIS service rollout completed"}
{"timestamp": "2025-06-15T09:38:00Z", "level": "debug", "service": "worker", "user": "alice", "env": "production", "message": "Doch 1 has been opened"}
{"timestamp": "2025-06-15T09:38:30Z", "level": "info", "service": "worker", "user": "alice", "env": "production", "message": "Doch 1 has been opened"}
{"timestamp": "2025-06-15T09:39:00Z", "level": "debug", "service": "auth", "user": "eve", "env": "production", "message": "Dashboard opened at url /dashboard/service1"}
{"timestamp": "2025-06-15T09:39:30Z", "level": "debug", "service": "auth", "user": "alice", "env": "production", "message": "IIS service rollout completed"}